<?xml version="1.0" encoding="UTF-8"?>
<!-- Generated by org.testng.reporters.JUnitReportReporter -->
<testsuite hostname="DESKTOP-S5TT1KN" failures="0" tests="3" name="pack.Testng23" time="0.009" errors="0" timestamp="2020-10-09T13:43:13 IST" skipped="0">
  <testcase classname="pack.Testng23" name="Rev" time="0.002"/>
  <system-out/>
  <testcase classname="pack.Testng23" name="Methods25" time="0.004"/>
  <system-out/>
  <testcase classname="pack.Testng23" name="Methods4" time="0.003"/>
  <system-out/>
</testsuite> <!-- pack.Testng23 -->
