<?xml version="1.0" encoding="UTF-8"?>
<!-- Generated by org.testng.reporters.JUnitReportReporter -->
<testsuite hostname="DESKTOP-S5TT1KN" failures="0" tests="2" name="pack.Testng$Testng22" time="0.014" errors="0" timestamp="2020-10-08T16:57:45 IST" skipped="0">
  <testcase classname="pack.Testng$Testng22" name="Method4" time="0.002"/>
  <system-out/>
  <testcase classname="pack.Testng$Testng22" name="Method25" time="0.012"/>
  <system-out/>
</testsuite> <!-- pack.Testng$Testng22 -->
