<?xml version="1.0" encoding="UTF-8"?>
<!-- Generated by org.testng.reporters.JUnitReportReporter -->
<testsuite hostname="DESKTOP-S5TT1KN" failures="0" tests="2" name="pack.Testng22" time="0.007" errors="0" timestamp="2020-10-09T13:43:13 IST" skipped="0">
  <testcase classname="pack.Testng22" name="Method25" time="0.001"/>
  <system-out/>
  <testcase classname="pack.Testng22" name="Method4" time="0.006"/>
  <system-out/>
</testsuite> <!-- pack.Testng22 -->
