<?xml version="1.0" encoding="UTF-8"?>
<!-- Generated by org.testng.reporters.JUnitReportReporter -->
<testsuite hostname="DESKTOP-S5TT1KN" failures="0" tests="2" name="pack.Testng" time="0.024" errors="0" timestamp="2020-10-09T13:43:13 IST" skipped="0">
  <testcase classname="pack.Testng" name="Method" time="0.017"/>
  <system-out/>
  <testcase classname="pack.Testng" name="Method2" time="0.007"/>
  <system-out/>
</testsuite> <!-- pack.Testng -->
